Performing C SOURCE FILE Test CMAKE_HAVE_LIBC_PTHREAD failed with the following output:
Change Dir: /home/alexesn/Documents/CLionProjects/labs_inf_esis_alexander/3 semester/lab2/cmake-build-debug/CMakeFiles/CMakeTmp

Run Build Command(s):/home/alexesn/.local/share/JetBrains/Toolbox/apps/CLion/ch-0/213.6461.46/bin/ninja/linux/ninja cmTC_f86ac && [1/2] Building C object CMakeFiles/cmTC_f86ac.dir/src.c.o
[2/2] Linking C executable cmTC_f86ac
FAILED: cmTC_f86ac 
: && /usr/bin/cc  -rdynamic CMakeFiles/cmTC_f86ac.dir/src.c.o -o cmTC_f86ac   && :
/usr/bin/ld: CMakeFiles/cmTC_f86ac.dir/src.c.o: in function `main':
src.c:(.text+0x46): undefined reference to `pthread_create'
/usr/bin/ld: src.c:(.text+0x52): undefined reference to `pthread_detach'
/usr/bin/ld: src.c:(.text+0x5e): undefined reference to `pthread_cancel'
/usr/bin/ld: src.c:(.text+0x6f): undefined reference to `pthread_join'
collect2: error: ld returned 1 exit status
ninja: build stopped: subcommand failed.


Source file was:
#include <pthread.h>

static void* test_func(void* data)
{
  return data;
}

int main(void)
{
  pthread_t thread;
  pthread_create(&thread, NULL, test_func, NULL);
  pthread_detach(thread);
  pthread_cancel(thread);
  pthread_join(thread, NULL);
  pthread_atfork(NULL, NULL, NULL);
  pthread_exit(NULL);

  return 0;
}

Determining if the function pthread_create exists in the pthreads failed with the following output:
Change Dir: /home/alexesn/Documents/CLionProjects/labs_inf_esis_alexander/3 semester/lab2/cmake-build-debug/CMakeFiles/CMakeTmp

Run Build Command(s):/home/alexesn/.local/share/JetBrains/Toolbox/apps/CLion/ch-0/213.6461.46/bin/ninja/linux/ninja cmTC_fbea4 && [1/2] Building C object CMakeFiles/cmTC_fbea4.dir/CheckFunctionExists.c.o
[2/2] Linking C executable cmTC_fbea4
FAILED: cmTC_fbea4 
: && /usr/bin/cc -DCHECK_FUNCTION_EXISTS=pthread_create -rdynamic CMakeFiles/cmTC_fbea4.dir/CheckFunctionExists.c.o -o cmTC_fbea4  -lpthreads && :
/usr/bin/ld: cannot find -lpthreads
collect2: error: ld returned 1 exit status
ninja: build stopped: subcommand failed.



Performing C++ SOURCE FILE Test HAVE_CXX_FLAG_WSHORTEN_64_TO_32 failed with the following output:
Change Dir: /home/alexesn/Documents/CLionProjects/labs_inf_esis_alexander/3 semester/lab2/cmake-build-debug/CMakeFiles/CMakeTmp

Run Build Command(s):/home/alexesn/.local/share/JetBrains/Toolbox/apps/CLion/ch-0/213.6461.46/bin/ninja/linux/ninja cmTC_e7cba && [1/2] Building CXX object CMakeFiles/cmTC_e7cba.dir/src.cxx.o
FAILED: CMakeFiles/cmTC_e7cba.dir/src.cxx.o 
/usr/bin/c++ -DHAVE_CXX_FLAG_WSHORTEN_64_TO_32  -std=c++11  -Wall  -Wextra  -Wshadow  -pedantic  -pedantic-errors  -Wshorten-64-to-32   -Wshorten-64-to-32 -o CMakeFiles/cmTC_e7cba.dir/src.cxx.o -c '/home/alexesn/Documents/CLionProjects/labs_inf_esis_alexander/3 semester/lab2/cmake-build-debug/CMakeFiles/CMakeTmp/src.cxx'
c++: error: unrecognized command line option '-Wshorten-64-to-32'
c++: error: unrecognized command line option '-Wshorten-64-to-32'
ninja: build stopped: subcommand failed.


Source file was:
int main() { return 0; }
Performing C++ SOURCE FILE Test HAVE_CXX_FLAG_WD654 failed with the following output:
Change Dir: /home/alexesn/Documents/CLionProjects/labs_inf_esis_alexander/3 semester/lab2/cmake-build-debug/CMakeFiles/CMakeTmp

Run Build Command(s):/home/alexesn/.local/share/JetBrains/Toolbox/apps/CLion/ch-0/213.6461.46/bin/ninja/linux/ninja cmTC_ab68d && [1/2] Building CXX object CMakeFiles/cmTC_ab68d.dir/src.cxx.o
FAILED: CMakeFiles/cmTC_ab68d.dir/src.cxx.o 
/usr/bin/c++ -DHAVE_CXX_FLAG_WD654  -std=c++11  -Wall  -Wextra  -Wshadow  -pedantic  -pedantic-errors  -fstrict-aliasing  -Wno-deprecated-declarations  -Wstrict-aliasing  -wd654   -wd654 -o CMakeFiles/cmTC_ab68d.dir/src.cxx.o -c '/home/alexesn/Documents/CLionProjects/labs_inf_esis_alexander/3 semester/lab2/cmake-build-debug/CMakeFiles/CMakeTmp/src.cxx'
c++: error: unrecognized command line option '-wd654'
c++: error: unrecognized command line option '-wd654'
ninja: build stopped: subcommand failed.


Source file was:
int main() { return 0; }
Performing C++ SOURCE FILE Test HAVE_CXX_FLAG_WTHREAD_SAFETY failed with the following output:
Change Dir: /home/alexesn/Documents/CLionProjects/labs_inf_esis_alexander/3 semester/lab2/cmake-build-debug/CMakeFiles/CMakeTmp

Run Build Command(s):/home/alexesn/.local/share/JetBrains/Toolbox/apps/CLion/ch-0/213.6461.46/bin/ninja/linux/ninja cmTC_013d8 && [1/2] Building CXX object CMakeFiles/cmTC_013d8.dir/src.cxx.o
FAILED: CMakeFiles/cmTC_013d8.dir/src.cxx.o 
/usr/bin/c++ -DHAVE_CXX_FLAG_WTHREAD_SAFETY  -std=c++11  -Wall  -Wextra  -Wshadow  -pedantic  -pedantic-errors  -fstrict-aliasing  -Wno-deprecated-declarations  -Wstrict-aliasing  -Wthread-safety   -Wthread-safety -o CMakeFiles/cmTC_013d8.dir/src.cxx.o -c '/home/alexesn/Documents/CLionProjects/labs_inf_esis_alexander/3 semester/lab2/cmake-build-debug/CMakeFiles/CMakeTmp/src.cxx'
c++: error: unrecognized command line option '-Wthread-safety'
c++: error: unrecognized command line option '-Wthread-safety'
ninja: build stopped: subcommand failed.


Source file was:
int main() { return 0; }
