Performing C SOURCE FILE Test CMAKE_HAVE_LIBC_PTHREAD failed with the following output:
Change Dir: /home/alexesn/labs_inf_esis_alexander/2 semester/lab1/cmake-build-debug/CMakeFiles/CMakeTmp

Run Build Command(s):/usr/bin/make -f Makefile cmTC_422ff/fast && /usr/bin/make  -f CMakeFiles/cmTC_422ff.dir/build.make CMakeFiles/cmTC_422ff.dir/build
make[1]: Entering directory '/home/alexesn/labs_inf_esis_alexander/2 semester/lab1/cmake-build-debug/CMakeFiles/CMakeTmp'
Building C object CMakeFiles/cmTC_422ff.dir/src.c.o
/usr/bin/cc -DCMAKE_HAVE_LIBC_PTHREAD   -o CMakeFiles/cmTC_422ff.dir/src.c.o -c "/home/alexesn/labs_inf_esis_alexander/2 semester/lab1/cmake-build-debug/CMakeFiles/CMakeTmp/src.c"
Linking C executable cmTC_422ff
/opt/clion-2021.2.3/bin/cmake/linux/bin/cmake -E cmake_link_script CMakeFiles/cmTC_422ff.dir/link.txt --verbose=1
/usr/bin/cc -rdynamic CMakeFiles/cmTC_422ff.dir/src.c.o -o cmTC_422ff 
/usr/bin/ld: CMakeFiles/cmTC_422ff.dir/src.c.o: in function `main':
src.c:(.text+0x46): undefined reference to `pthread_create'
/usr/bin/ld: src.c:(.text+0x52): undefined reference to `pthread_detach'
/usr/bin/ld: src.c:(.text+0x5e): undefined reference to `pthread_cancel'
/usr/bin/ld: src.c:(.text+0x6f): undefined reference to `pthread_join'
collect2: error: ld returned 1 exit status
make[1]: *** [CMakeFiles/cmTC_422ff.dir/build.make:99: cmTC_422ff] Error 1
make[1]: Leaving directory '/home/alexesn/labs_inf_esis_alexander/2 semester/lab1/cmake-build-debug/CMakeFiles/CMakeTmp'
make: *** [Makefile:127: cmTC_422ff/fast] Error 2


Source file was:
#include <pthread.h>

static void* test_func(void* data)
{
  return data;
}

int main(void)
{
  pthread_t thread;
  pthread_create(&thread, NULL, test_func, NULL);
  pthread_detach(thread);
  pthread_cancel(thread);
  pthread_join(thread, NULL);
  pthread_atfork(NULL, NULL, NULL);
  pthread_exit(NULL);

  return 0;
}

Determining if the function pthread_create exists in the pthreads failed with the following output:
Change Dir: /home/alexesn/labs_inf_esis_alexander/2 semester/lab1/cmake-build-debug/CMakeFiles/CMakeTmp

Run Build Command(s):/usr/bin/make -f Makefile cmTC_84c53/fast && /usr/bin/make  -f CMakeFiles/cmTC_84c53.dir/build.make CMakeFiles/cmTC_84c53.dir/build
make[1]: Entering directory '/home/alexesn/labs_inf_esis_alexander/2 semester/lab1/cmake-build-debug/CMakeFiles/CMakeTmp'
Building C object CMakeFiles/cmTC_84c53.dir/CheckFunctionExists.c.o
/usr/bin/cc   -DCHECK_FUNCTION_EXISTS=pthread_create -o CMakeFiles/cmTC_84c53.dir/CheckFunctionExists.c.o -c /opt/clion-2021.2.3/bin/cmake/linux/share/cmake-3.20/Modules/CheckFunctionExists.c
Linking C executable cmTC_84c53
/opt/clion-2021.2.3/bin/cmake/linux/bin/cmake -E cmake_link_script CMakeFiles/cmTC_84c53.dir/link.txt --verbose=1
/usr/bin/cc  -DCHECK_FUNCTION_EXISTS=pthread_create -rdynamic CMakeFiles/cmTC_84c53.dir/CheckFunctionExists.c.o -o cmTC_84c53  -lpthreads 
/usr/bin/ld: cannot find -lpthreads
collect2: error: ld returned 1 exit status
make[1]: *** [CMakeFiles/cmTC_84c53.dir/build.make:99: cmTC_84c53] Error 1
make[1]: Leaving directory '/home/alexesn/labs_inf_esis_alexander/2 semester/lab1/cmake-build-debug/CMakeFiles/CMakeTmp'
make: *** [Makefile:127: cmTC_84c53/fast] Error 2



Performing C++ SOURCE FILE Test HAVE_CXX_FLAG_WSHORTEN_64_TO_32 failed with the following output:
Change Dir: /home/alexesn/labs_inf_esis_alexander/2 semester/lab1/cmake-build-debug/CMakeFiles/CMakeTmp

Run Build Command(s):/usr/bin/make -f Makefile cmTC_c5654/fast && /usr/bin/make  -f CMakeFiles/cmTC_c5654.dir/build.make CMakeFiles/cmTC_c5654.dir/build
make[1]: Entering directory '/home/alexesn/labs_inf_esis_alexander/2 semester/lab1/cmake-build-debug/CMakeFiles/CMakeTmp'
Building CXX object CMakeFiles/cmTC_c5654.dir/src.cxx.o
/usr/bin/c++ -DHAVE_CXX_FLAG_WSHORTEN_64_TO_32  -std=c++11  -Wall  -Wextra  -Wshadow  -pedantic  -pedantic-errors  -Wshorten-64-to-32   -Wshorten-64-to-32 -o CMakeFiles/cmTC_c5654.dir/src.cxx.o -c "/home/alexesn/labs_inf_esis_alexander/2 semester/lab1/cmake-build-debug/CMakeFiles/CMakeTmp/src.cxx"
c++: error: unrecognized command line option '-Wshorten-64-to-32'
c++: error: unrecognized command line option '-Wshorten-64-to-32'
make[1]: *** [CMakeFiles/cmTC_c5654.dir/build.make:78: CMakeFiles/cmTC_c5654.dir/src.cxx.o] Error 1
make[1]: Leaving directory '/home/alexesn/labs_inf_esis_alexander/2 semester/lab1/cmake-build-debug/CMakeFiles/CMakeTmp'
make: *** [Makefile:127: cmTC_c5654/fast] Error 2


Source file was:
int main() { return 0; }
Performing C++ SOURCE FILE Test HAVE_CXX_FLAG_WD654 failed with the following output:
Change Dir: /home/alexesn/labs_inf_esis_alexander/2 semester/lab1/cmake-build-debug/CMakeFiles/CMakeTmp

Run Build Command(s):/usr/bin/make -f Makefile cmTC_b77f0/fast && /usr/bin/make  -f CMakeFiles/cmTC_b77f0.dir/build.make CMakeFiles/cmTC_b77f0.dir/build
make[1]: Entering directory '/home/alexesn/labs_inf_esis_alexander/2 semester/lab1/cmake-build-debug/CMakeFiles/CMakeTmp'
Building CXX object CMakeFiles/cmTC_b77f0.dir/src.cxx.o
/usr/bin/c++ -DHAVE_CXX_FLAG_WD654  -std=c++11  -Wall  -Wextra  -Wshadow  -pedantic  -pedantic-errors  -fstrict-aliasing  -Wno-deprecated-declarations  -Wstrict-aliasing  -wd654   -wd654 -o CMakeFiles/cmTC_b77f0.dir/src.cxx.o -c "/home/alexesn/labs_inf_esis_alexander/2 semester/lab1/cmake-build-debug/CMakeFiles/CMakeTmp/src.cxx"
c++: error: unrecognized command line option '-wd654'
c++: error: unrecognized command line option '-wd654'
make[1]: *** [CMakeFiles/cmTC_b77f0.dir/build.make:78: CMakeFiles/cmTC_b77f0.dir/src.cxx.o] Error 1
make[1]: Leaving directory '/home/alexesn/labs_inf_esis_alexander/2 semester/lab1/cmake-build-debug/CMakeFiles/CMakeTmp'
make: *** [Makefile:127: cmTC_b77f0/fast] Error 2


Source file was:
int main() { return 0; }
Performing C++ SOURCE FILE Test HAVE_CXX_FLAG_WTHREAD_SAFETY failed with the following output:
Change Dir: /home/alexesn/labs_inf_esis_alexander/2 semester/lab1/cmake-build-debug/CMakeFiles/CMakeTmp

Run Build Command(s):/usr/bin/make -f Makefile cmTC_aa764/fast && /usr/bin/make  -f CMakeFiles/cmTC_aa764.dir/build.make CMakeFiles/cmTC_aa764.dir/build
make[1]: Entering directory '/home/alexesn/labs_inf_esis_alexander/2 semester/lab1/cmake-build-debug/CMakeFiles/CMakeTmp'
Building CXX object CMakeFiles/cmTC_aa764.dir/src.cxx.o
/usr/bin/c++ -DHAVE_CXX_FLAG_WTHREAD_SAFETY  -std=c++11  -Wall  -Wextra  -Wshadow  -pedantic  -pedantic-errors  -fstrict-aliasing  -Wno-deprecated-declarations  -Wstrict-aliasing  -Wthread-safety   -Wthread-safety -o CMakeFiles/cmTC_aa764.dir/src.cxx.o -c "/home/alexesn/labs_inf_esis_alexander/2 semester/lab1/cmake-build-debug/CMakeFiles/CMakeTmp/src.cxx"
c++: error: unrecognized command line option '-Wthread-safety'
c++: error: unrecognized command line option '-Wthread-safety'
make[1]: *** [CMakeFiles/cmTC_aa764.dir/build.make:78: CMakeFiles/cmTC_aa764.dir/src.cxx.o] Error 1
make[1]: Leaving directory '/home/alexesn/labs_inf_esis_alexander/2 semester/lab1/cmake-build-debug/CMakeFiles/CMakeTmp'
make: *** [Makefile:127: cmTC_aa764/fast] Error 2


Source file was:
int main() { return 0; }
