Performing C SOURCE FILE Test CMAKE_HAVE_LIBC_PTHREAD failed with the following output:
Change Dir: /home/alexesn/Documents/CLionProjects/labs_inf_esis_alexander/3 semester/lab3/cmake-build-debug/CMakeFiles/CMakeTmp

Run Build Command(s):/opt/clion-2021.3.1/bin/ninja/linux/ninja cmTC_eb845 && [1/2] Building C object CMakeFiles/cmTC_eb845.dir/src.c.o
[2/2] Linking C executable cmTC_eb845
FAILED: cmTC_eb845 
: && /usr/bin/cc  -rdynamic CMakeFiles/cmTC_eb845.dir/src.c.o -o cmTC_eb845   && :
/usr/bin/ld: CMakeFiles/cmTC_eb845.dir/src.c.o: in function `main':
src.c:(.text+0x46): undefined reference to `pthread_create'
/usr/bin/ld: src.c:(.text+0x52): undefined reference to `pthread_detach'
/usr/bin/ld: src.c:(.text+0x5e): undefined reference to `pthread_cancel'
/usr/bin/ld: src.c:(.text+0x6f): undefined reference to `pthread_join'
collect2: error: ld returned 1 exit status
ninja: build stopped: subcommand failed.


Source file was:
#include <pthread.h>

static void* test_func(void* data)
{
  return data;
}

int main(void)
{
  pthread_t thread;
  pthread_create(&thread, NULL, test_func, NULL);
  pthread_detach(thread);
  pthread_cancel(thread);
  pthread_join(thread, NULL);
  pthread_atfork(NULL, NULL, NULL);
  pthread_exit(NULL);

  return 0;
}

Determining if the function pthread_create exists in the pthreads failed with the following output:
Change Dir: /home/alexesn/Documents/CLionProjects/labs_inf_esis_alexander/3 semester/lab3/cmake-build-debug/CMakeFiles/CMakeTmp

Run Build Command(s):/opt/clion-2021.3.1/bin/ninja/linux/ninja cmTC_11aee && [1/2] Building C object CMakeFiles/cmTC_11aee.dir/CheckFunctionExists.c.o
[2/2] Linking C executable cmTC_11aee
FAILED: cmTC_11aee 
: && /usr/bin/cc -DCHECK_FUNCTION_EXISTS=pthread_create -rdynamic CMakeFiles/cmTC_11aee.dir/CheckFunctionExists.c.o -o cmTC_11aee  -lpthreads && :
/usr/bin/ld: cannot find -lpthreads
collect2: error: ld returned 1 exit status
ninja: build stopped: subcommand failed.



Performing C++ SOURCE FILE Test HAVE_CXX_FLAG_WSHORTEN_64_TO_32 failed with the following output:
Change Dir: /home/alexesn/Documents/CLionProjects/labs_inf_esis_alexander/3 semester/lab3/cmake-build-debug/CMakeFiles/CMakeTmp

Run Build Command(s):/opt/clion-2021.3.1/bin/ninja/linux/ninja cmTC_ce942 && [1/2] Building CXX object CMakeFiles/cmTC_ce942.dir/src.cxx.o
FAILED: CMakeFiles/cmTC_ce942.dir/src.cxx.o 
/usr/bin/c++ -DHAVE_CXX_FLAG_WSHORTEN_64_TO_32  -std=c++11  -Wall  -Wextra  -Wshadow  -pedantic  -pedantic-errors  -Wshorten-64-to-32   -Wshorten-64-to-32 -o CMakeFiles/cmTC_ce942.dir/src.cxx.o -c '/home/alexesn/Documents/CLionProjects/labs_inf_esis_alexander/3 semester/lab3/cmake-build-debug/CMakeFiles/CMakeTmp/src.cxx'
c++: error: unrecognized command line option '-Wshorten-64-to-32'
c++: error: unrecognized command line option '-Wshorten-64-to-32'
ninja: build stopped: subcommand failed.


Source file was:
int main() { return 0; }
Performing C++ SOURCE FILE Test HAVE_CXX_FLAG_WD654 failed with the following output:
Change Dir: /home/alexesn/Documents/CLionProjects/labs_inf_esis_alexander/3 semester/lab3/cmake-build-debug/CMakeFiles/CMakeTmp

Run Build Command(s):/opt/clion-2021.3.1/bin/ninja/linux/ninja cmTC_0a584 && [1/2] Building CXX object CMakeFiles/cmTC_0a584.dir/src.cxx.o
FAILED: CMakeFiles/cmTC_0a584.dir/src.cxx.o 
/usr/bin/c++ -DHAVE_CXX_FLAG_WD654  -std=c++11  -Wall  -Wextra  -Wshadow  -pedantic  -pedantic-errors  -fstrict-aliasing  -Wno-deprecated-declarations  -Wstrict-aliasing  -wd654   -wd654 -o CMakeFiles/cmTC_0a584.dir/src.cxx.o -c '/home/alexesn/Documents/CLionProjects/labs_inf_esis_alexander/3 semester/lab3/cmake-build-debug/CMakeFiles/CMakeTmp/src.cxx'
c++: error: unrecognized command line option '-wd654'
c++: error: unrecognized command line option '-wd654'
ninja: build stopped: subcommand failed.


Source file was:
int main() { return 0; }
Performing C++ SOURCE FILE Test HAVE_CXX_FLAG_WTHREAD_SAFETY failed with the following output:
Change Dir: /home/alexesn/Documents/CLionProjects/labs_inf_esis_alexander/3 semester/lab3/cmake-build-debug/CMakeFiles/CMakeTmp

Run Build Command(s):/opt/clion-2021.3.1/bin/ninja/linux/ninja cmTC_e6fb7 && [1/2] Building CXX object CMakeFiles/cmTC_e6fb7.dir/src.cxx.o
FAILED: CMakeFiles/cmTC_e6fb7.dir/src.cxx.o 
/usr/bin/c++ -DHAVE_CXX_FLAG_WTHREAD_SAFETY  -std=c++11  -Wall  -Wextra  -Wshadow  -pedantic  -pedantic-errors  -fstrict-aliasing  -Wno-deprecated-declarations  -Wstrict-aliasing  -Wthread-safety   -Wthread-safety -o CMakeFiles/cmTC_e6fb7.dir/src.cxx.o -c '/home/alexesn/Documents/CLionProjects/labs_inf_esis_alexander/3 semester/lab3/cmake-build-debug/CMakeFiles/CMakeTmp/src.cxx'
c++: error: unrecognized command line option '-Wthread-safety'
c++: error: unrecognized command line option '-Wthread-safety'
ninja: build stopped: subcommand failed.


Source file was:
int main() { return 0; }
